Started by user [8mha:////4As7Vq+f5gQyrLYioxYaMp0I2JKTcvw5nlTw6CK0QoQ+AAAAmB+LCAAAAAAAAP9b85aBtbiIQTGjNKU4P08vOT+vOD8nVc83PyU1x6OyILUoJzMv2y+/JJUBAhiZGBgqihhk0NSjKDWzXb3RdlLBUSYGJk8GtpzUvPSSDB8G5tKinBIGIZ+sxLJE/ZzEvHT94JKizLx0a6BxUmjGOUNodHsLgAyhEgYe/dLi1CL9otSc3MQ8AILrgOPBAAAA[0mThilan Jayasundera
[EnvInject] - Loading node environment variables.
Building in workspace /var/lib/jenkins/workspace/S3
 > git rev-parse --is-inside-work-tree # timeout=10
Fetching changes from the remote Git repository
 > git config remote.origin.url https://stash.leapset.com/scm/~chamathb/merchant_api.git # timeout=10
Fetching upstream changes from https://stash.leapset.com/scm/~chamathb/merchant_api.git
 > git --version # timeout=10
using GIT_ASKPASS to set credentials 
 > git fetch --tags --progress https://stash.leapset.com/scm/~chamathb/merchant_api.git +refs/heads/*:refs/remotes/origin/*
Seen branch in repository origin/CLR/7.18.1.0/develop
Seen branch in repository origin/CLR/7.18.2.0/develop
Seen branch in repository origin/CLR/7.18.2.0/release
Seen branch in repository origin/bugfix/POS-4780-6.24.0.0-assignments-jobs-created
Seen branch in repository origin/ci/ci-test2
Seen branch in repository origin/ci/ci-test4
Seen branch in repository origin/ci/ci_test1
Seen branch in repository origin/ci/ci_test2
Seen branch in repository origin/ci/ci_test3
Seen branch in repository origin/feature/CLR-Cake-OLO-Phase2
Seen branch in repository origin/feature/ci-barscreen
Seen branch in repository origin/feature/ci-test1
Seen branch in repository origin/feature/ci-test2
Seen branch in repository origin/feature/ci-test3
Seen branch in repository origin/feature/ci_test3
Seen branch in repository origin/master
Seen branch in repository origin/task/POS-4430-mapi-change-to-support-null-value
Seen branch in repository origin/temp/POS-4780-changes
Seen branch in repository origin/temp/plat-1-build
Seen 19 remote branches
 > git show-ref --tags -d # timeout=10
Checking out Revision d54607867bd495cc6730ecf083ca6eac4c8a7e0b (origin/ci/ci-test2, origin/ci/ci_test3)
 > git config core.sparsecheckout # timeout=10
 > git checkout -f d54607867bd495cc6730ecf083ca6eac4c8a7e0b
Commit message: "Merge pull request #1 in ~CHAMATHB/merchant_api from feature/ci_test3 to ci/ci_test3"
 > git rev-list --no-walk d54607867bd495cc6730ecf083ca6eac4c8a7e0b # timeout=10
 > git rev-list --no-walk d54607867bd495cc6730ecf083ca6eac4c8a7e0b # timeout=10
[S3] $ /bin/sh -xe /tmp/jenkins1077527458680129452.sh
[S3] $ /bin/sh -xe /tmp/jenkins8346784108522045232.sh
++ sed -e 's|origin/ci/||g'
++ echo origin/ci/ci-test2
+ git_branch_local=ci-test2
++ jq --raw-output .ci_jobs.ci-test2.version
jq: error: test2/0 is not defined at <top-level>, line 1:
.ci_jobs.ci-test2.version            
++ cat relman/jobs.json
jq: 1 compile error
+ version=
Build step 'Execute shell' marked build as failure
Publish artifacts to S3 Bucket Build is still running
Publish artifacts to S3 Bucket Using S3 profile: relman
Publish artifacts to S3 Bucket Skipping publishing on S3 because build failed
[PostBuildScript] - Executing post build scripts.
[PostBuildScript] - Build does not have any of the results [SUCCESS]. Did not execute build step #0.
Finished: FAILURE
