Started by user [8mha:////4As7Vq+f5gQyrLYioxYaMp0I2JKTcvw5nlTw6CK0QoQ+AAAAmB+LCAAAAAAAAP9b85aBtbiIQTGjNKU4P08vOT+vOD8nVc83PyU1x6OyILUoJzMv2y+/JJUBAhiZGBgqihhk0NSjKDWzXb3RdlLBUSYGJk8GtpzUvPSSDB8G5tKinBIGIZ+sxLJE/ZzEvHT94JKizLx0a6BxUmjGOUNodHsLgAyhEgYe/dLi1CL9otSc3MQ8AILrgOPBAAAA[0mThilan Jayasundera
[EnvInject] - Loading node environment variables.
Building in workspace /var/lib/jenkins/workspace/param
 > git rev-parse --is-inside-work-tree # timeout=10
Fetching changes from the remote Git repository
 > git config remote.origin.url ssh://git@stash.leapset.com:7999/~chamathb/merchant_api.git # timeout=10
Fetching upstream changes from ssh://git@stash.leapset.com:7999/~chamathb/merchant_api.git
 > git --version # timeout=10
using GIT_SSH to set credentials 
 > git fetch --tags --progress ssh://git@stash.leapset.com:7999/~chamathb/merchant_api.git +refs/heads/*:refs/remotes/origin/*
 > git rev-parse origin/test-chama^{commit} # timeout=10
Checking out Revision 6c391f612aad16ea389792d43302cc26ab8f052f (origin/test-chama)
 > git config core.sparsecheckout # timeout=10
 > git checkout -f 6c391f612aad16ea389792d43302cc26ab8f052f
Commit message: "Test Jenkins Api"
 > git rev-list --no-walk 6c391f612aad16ea389792d43302cc26ab8f052f # timeout=10
[param] $ /bin/sh -xe /tmp/jenkins2628929864053664678.sh
++ jq --raw-output .component.build
++ cat .relman/relman.conf
+ Build=.relman/build.sh
[param] $ /bin/sh -xe /tmp/jenkins7688658397301786135.sh
+ git_branch_local=
+ echo '"test-chama"'
"test-chama"
++ jq --raw-output '."ci-dev"..version'
jq: error: syntax error, unexpected .., expecting $end (Unix shell quoting issues?) at <top-level>, line 1:
."ci-dev"..version         
++ cat .relman/jobs.json
jq: 1 compile error
+ version=
Build step 'Execute shell' marked build as failure
[PostBuildScript] - Executing post build scripts.
[PostBuildScript] - Build does not have any of the results [SUCCESS]. Did not execute build step #0.
Finished: FAILURE
